<?xml version="1.0" encoding="UTF-8"?>
<!-- Generated by org.testng.reporters.JUnitReportReporter -->
<testsuite hostname="QZ-LT-R-CTK-023" failures="0" tests="1" name="GoogleTest" time="12.310" errors="0" timestamp="2024-12-20T10:56:27 IST" skipped="0">
  <testcase classname="GoogleTest" name="HomePageCheck" time="12.310"/>
  <system-out/>
</testsuite> <!-- GoogleTest -->
