<?xml version="1.0" encoding="UTF-8"?>
<!-- Generated by org.testng.reporters.JUnitReportReporter -->
<testsuite hostname="QZ-LT-R-CTK-023" failures="0" tests="3" name="RunningTestCasesInTestNG1.Code9UsageOfGroupsFunctionality1" time="0.003" errors="0" timestamp="2024-09-30T14:51:54 IST" skipped="0">
  <testcase classname="RunningTestCasesInTestNG1.Code9UsageOfGroupsFunctionality1" name="bike" time="0.001"/>
  <system-out/>
  <testcase classname="RunningTestCasesInTestNG1.Code9UsageOfGroupsFunctionality1" name="end" time="0.000"/>
  <system-out/>
  <testcase classname="RunningTestCasesInTestNG1.Code9UsageOfGroupsFunctionality1" name="transport" time="0.002"/>
  <system-out/>
</testsuite> <!-- RunningTestCasesInTestNG1.Code9UsageOfGroupsFunctionality1 -->
