<?xml version="1.0" encoding="UTF-8"?>
<!-- Generated by org.testng.reporters.JUnitReportReporter -->
<testsuite hostname="QZ-LT-R-CTK-023" failures="0" tests="3" name="RunningTestCasesInTestNG1.day4PrioritizingTestCasesWithTestNG" time="0.005" errors="0" timestamp="2024-09-19T14:32:05 IST" skipped="0">
  <testcase classname="RunningTestCasesInTestNG1.day4PrioritizingTestCasesWithTestNG" name="mobileLoginHomeLoan" time="0.001"/>
  <system-out/>
  <testcase classname="RunningTestCasesInTestNG1.day4PrioritizingTestCasesWithTestNG" name="loginApiLoginHomeLoan" time="0.002"/>
  <system-out/>
  <testcase classname="RunningTestCasesInTestNG1.day4PrioritizingTestCasesWithTestNG" name="WebLoginHomeLoan" time="0.002"/>
  <system-out/>
</testsuite> <!-- RunningTestCasesInTestNG1.day4PrioritizingTestCasesWithTestNG -->
