<?xml version="1.0" encoding="UTF-8"?>
<!-- Generated by org.testng.reporters.JUnitReportReporter -->
<testsuite hostname="QZ-LT-R-CTK-023" failures="0" tests="5" name="RunningTestCasesInTestNG1.Code11AnnotationsHelperAttributesWithExample" time="0.012" errors="0" timestamp="2024-09-30T14:51:54 IST" skipped="1">
  <testcase classname="RunningTestCasesInTestNG1.Code11AnnotationsHelperAttributesWithExample" name="payment" time="0.001"/>
  <system-out/>
  <testcase classname="RunningTestCasesInTestNG1.Code11AnnotationsHelperAttributesWithExample" name="check" time="0.002"/>
  <system-out/>
  <testcase classname="RunningTestCasesInTestNG1.Code11AnnotationsHelperAttributesWithExample" name="address" time="0.008"/>
  <system-out/>
  <testcase classname="RunningTestCasesInTestNG1.Code11AnnotationsHelperAttributesWithExample" name="run" time="0.001"/>
  <system-out/>
  <testcase classname="RunningTestCasesInTestNG1.Code11AnnotationsHelperAttributesWithExample" name="OK">
    <skipped/>
  </testcase> <!-- OK -->
  <system-out/>
</testsuite> <!-- RunningTestCasesInTestNG1.Code11AnnotationsHelperAttributesWithExample -->
