<?xml version="1.0" encoding="UTF-8"?>
<!-- Generated by org.testng.reporters.JUnitReportReporter -->
<testsuite hostname="QZ-LT-R-CTK-023" failures="0" tests="2" name="RunningTestCasesInTestNG1.Code1" time="0.012" errors="0" timestamp="2024-09-30T14:51:54 IST" skipped="0">
  <testcase classname="RunningTestCasesInTestNG1.Code1" name="Demo" time="0.011"/>
  <system-out/>
  <testcase classname="RunningTestCasesInTestNG1.Code1" name="SecondTest" time="0.001"/>
  <system-out/>
</testsuite> <!-- RunningTestCasesInTestNG1.Code1 -->
