<?xml version="1.0" encoding="UTF-8"?>
<!-- Generated by org.testng.reporters.JUnitReportReporter -->
<testsuite hostname="QZ-LT-R-CTK-023" failures="0" tests="1" name="JavaOrientedFrameworkDevelopment.Code17TestNGAnnotationsHelpWithInheritance1" time="0.021" errors="0" timestamp="2024-10-01T13:10:01 IST" skipped="0">
  <testcase classname="JavaOrientedFrameworkDevelopment.Code17TestNGAnnotationsHelpWithInheritance1" name="testRun" time="0.021"/>
  <system-out/>
</testsuite> <!-- JavaOrientedFrameworkDevelopment.Code17TestNGAnnotationsHelpWithInheritance1 -->
