<?xml version="1.0" encoding="UTF-8"?>
<!-- Generated by org.testng.reporters.JUnitReportReporter -->
<testsuite hostname="QZ-LT-R-CTK-023" failures="0" tests="2" name="RunningTestCasesInTestNG1.day1" time="0.017" errors="0" timestamp="2024-09-19T14:32:05 IST" skipped="0">
  <testcase classname="RunningTestCasesInTestNG1.day1" name="SecondTest" time="0.002"/>
  <system-out/>
  <testcase classname="RunningTestCasesInTestNG1.day1" name="Demo" time="0.015"/>
  <system-out/>
</testsuite> <!-- RunningTestCasesInTestNG1.day1 -->
