<?xml version="1.0" encoding="UTF-8"?>
<!-- Generated by org.testng.reporters.JUnitReportReporter -->
<testsuite hostname="QZ-LT-R-CTK-023" failures="0" tests="1" name="JavaOrientedFrameworkDevelopment.TestNGAnnotationsHelpWithInheritance1" time="0.020" errors="0" timestamp="2024-10-01T11:33:41 IST" skipped="0">
  <testcase classname="JavaOrientedFrameworkDevelopment.TestNGAnnotationsHelpWithInheritance1" name="testRun" time="0.020"/>
  <system-out/>
</testsuite> <!-- JavaOrientedFrameworkDevelopment.TestNGAnnotationsHelpWithInheritance1 -->
