<?xml version="1.0" encoding="UTF-8"?>
<!-- Generated by org.testng.reporters.JUnitReportReporter -->
<testsuite hostname="QZ-LT-R-CTK-023" failures="0" tests="3" name="RunningTestCasesInTestNG1.Code4PrioritizingTestCasesWithTestNG" time="0.004" errors="0" timestamp="2024-09-30T14:51:53 IST" skipped="0">
  <testcase classname="RunningTestCasesInTestNG1.Code4PrioritizingTestCasesWithTestNG" name="loginApiLoginHomeLoan" time="0.001"/>
  <system-out/>
  <testcase classname="RunningTestCasesInTestNG1.Code4PrioritizingTestCasesWithTestNG" name="mobileLoginHomeLoan" time="0.002"/>
  <system-out/>
  <testcase classname="RunningTestCasesInTestNG1.Code4PrioritizingTestCasesWithTestNG" name="WebLoginHomeLoan" time="0.001"/>
  <system-out/>
</testsuite> <!-- RunningTestCasesInTestNG1.Code4PrioritizingTestCasesWithTestNG -->
