<?xml version="1.0" encoding="UTF-8"?>
<!-- Generated by org.testng.reporters.JUnitReportReporter -->
<testsuite hostname="QZ-LT-R-CTK-023" failures="0" tests="5" name="RunningTestCasesInTestNG1.Code11ParameterizingFromTestNGxmlFile" time="0.023" errors="0" timestamp="2024-09-25T11:42:22 IST" skipped="1">
  <testcase classname="RunningTestCasesInTestNG1.Code11ParameterizingFromTestNGxmlFile" name="check" time="0.013"/>
  <system-out/>
  <testcase classname="RunningTestCasesInTestNG1.Code11ParameterizingFromTestNGxmlFile" name="address" time="0.007"/>
  <system-out/>
  <testcase classname="RunningTestCasesInTestNG1.Code11ParameterizingFromTestNGxmlFile" name="run" time="0.002"/>
  <system-out/>
  <testcase classname="RunningTestCasesInTestNG1.Code11ParameterizingFromTestNGxmlFile" name="payment" time="0.001"/>
  <system-out/>
  <testcase classname="RunningTestCasesInTestNG1.Code11ParameterizingFromTestNGxmlFile" name="OK">
    <skipped/>
  </testcase> <!-- OK -->
  <system-out/>
</testsuite> <!-- RunningTestCasesInTestNG1.Code11ParameterizingFromTestNGxmlFile -->
