<?xml version="1.0" encoding="UTF-8"?>
<!-- Generated by org.testng.reporters.JUnitReportReporter -->
<testsuite hostname="QZ-LT-R-CTK-023" failures="0" tests="1" name="RunningTestCasesInTestNG.day1" time="0.019" errors="0" timestamp="2024-09-18T10:42:40 IST" skipped="0">
  <testcase classname="RunningTestCasesInTestNG.day1" name="Demo" time="0.019"/>
  <system-out/>
</testsuite> <!-- RunningTestCasesInTestNG.day1 -->
