<?xml version="1.0" encoding="UTF-8"?>
<!-- Generated by org.testng.reporters.JUnitReportReporter -->
<testsuite hostname="QZ-LT-R-CTK-023" failures="0" tests="3" name="RunningTestCasesInTestNG1.day3" time="0.003" errors="0" timestamp="2024-09-19T11:14:06 IST" skipped="0">
  <testcase classname="RunningTestCasesInTestNG1.day3" name="loginApiLoginCarLoan" time="0.001"/>
  <system-out/>
  <testcase classname="RunningTestCasesInTestNG1.day3" name="WebLoginCarLoan" time="0.001"/>
  <system-out/>
  <testcase classname="RunningTestCasesInTestNG1.day3" name="mobileLoginCarLoan" time="0.001"/>
  <system-out/>
</testsuite> <!-- RunningTestCasesInTestNG1.day3 -->
