<?xml version="1.0" encoding="UTF-8"?>
<!-- Generated by org.testng.reporters.JUnitReportReporter -->
<testsuite hostname="QZ-LT-R-CTK-023" failures="0" tests="3" name="RunningTestCasesInTestNG1.Code6TestingAnnotations2" time="0.005" errors="0" timestamp="2024-09-30T14:51:54 IST" skipped="0">
  <testcase classname="RunningTestCasesInTestNG1.Code6TestingAnnotations2" name="subscribe" time="0.001"/>
  <system-out/>
  <testcase classname="RunningTestCasesInTestNG1.Code6TestingAnnotations2" name="click" time="0.002"/>
  <system-out/>
  <testcase classname="RunningTestCasesInTestNG1.Code6TestingAnnotations2" name="submit" time="0.002"/>
  <system-out/>
</testsuite> <!-- RunningTestCasesInTestNG1.Code6TestingAnnotations2 -->
