<?xml version="1.0" encoding="UTF-8"?>
<!-- Generated by org.testng.reporters.JUnitReportReporter -->
<testsuite hostname="QZ-LT-R-CTK-023" failures="0" tests="3" name="RunningTestCasesInTestNG1.Code7TestingAnnotations2" time="0.003" errors="0" timestamp="2024-09-30T14:51:54 IST" skipped="0">
  <testcase classname="RunningTestCasesInTestNG1.Code7TestingAnnotations2" name="welcome" time="0.001"/>
  <system-out/>
  <testcase classname="RunningTestCasesInTestNG1.Code7TestingAnnotations2" name="Hi" time="0.001"/>
  <system-out/>
  <testcase classname="RunningTestCasesInTestNG1.Code7TestingAnnotations2" name="lastName" time="0.001"/>
  <system-out/>
</testsuite> <!-- RunningTestCasesInTestNG1.Code7TestingAnnotations2 -->
