<?xml version="1.0" encoding="UTF-8"?>
<!-- Generated by org.testng.reporters.JUnitReportReporter -->
<testsuite hostname="QZ-LT-R-CTK-023" failures="0" tests="3" name="RunningTestCasesInTestNG1.Code3PrioritizingTestCasesWithTestNG" time="0.006" errors="0" timestamp="2024-09-30T14:51:54 IST" skipped="0">
  <testcase classname="RunningTestCasesInTestNG1.Code3PrioritizingTestCasesWithTestNG" name="mobileLoginApiLoginCarLoan" time="0.002"/>
  <system-out/>
  <testcase classname="RunningTestCasesInTestNG1.Code3PrioritizingTestCasesWithTestNG" name="mobileLoginCarLoan" time="0.001"/>
  <system-out/>
  <testcase classname="RunningTestCasesInTestNG1.Code3PrioritizingTestCasesWithTestNG" name="mobileWebLoginCarLoan" time="0.003"/>
  <system-out/>
</testsuite> <!-- RunningTestCasesInTestNG1.Code3PrioritizingTestCasesWithTestNG -->
