<?xml version="1.0" encoding="UTF-8"?>
<!-- Generated by org.testng.reporters.JUnitReportReporter -->
<testsuite hostname="QZ-LT-R-CTK-023" failures="0" tests="1" name="extentReports.ExtentReportsDemo" time="8.288" errors="0" timestamp="11 Nov 2024 04:29:00 GMT">
  <testcase classname="extentReports.ExtentReportsDemo" name="initialDemo" time="8.288"/>
</testsuite> <!-- extentReports.ExtentReportsDemo -->
